<?xml version="1.0" encoding="UTF-8"?>
<coverage generated="1513423580">
  <project timestamp="1513423580">
    <package name="Tms\Cmis\Flysystem">
      <file name="/vagrant/src/flysystem-cmis/src/CMISAdapter.php">
        <class name="Tms\Cmis\Flysystem\CMISAdapter" namespace="Tms\Cmis\Flysystem">
          <metrics complexity="66" methods="20" coveredmethods="6" conditionals="0" coveredconditionals="0" statements="169" coveredstatements="123" elements="189" coveredelements="129"/>
        </class>
        <line num="75" type="method" name="__construct" visibility="public" complexity="2" crap="2" count="24"/>
        <line num="77" type="stmt" count="24"/>
        <line num="78" type="stmt" count="24"/>
        <line num="79" type="stmt" count="24"/>
        <line num="92" type="method" name="write" visibility="public" complexity="7" crap="7" count="4"/>
        <line num="94" type="stmt" count="4"/>
        <line num="95" type="stmt" count="4"/>
        <line num="97" type="stmt" count="4"/>
        <line num="98" type="stmt" count="4"/>
        <line num="101" type="stmt" count="4"/>
        <line num="103" type="stmt" count="4"/>
        <line num="104" type="stmt" count="4"/>
        <line num="105" type="stmt" count="4"/>
        <line num="108" type="stmt" count="4"/>
        <line num="109" type="stmt" count="4"/>
        <line num="110" type="stmt" count="4"/>
        <line num="111" type="stmt" count="4"/>
        <line num="113" type="stmt" count="2"/>
        <line num="114" type="stmt" count="1"/>
        <line num="115" type="stmt" count="1"/>
        <line num="116" type="stmt" count="1"/>
        <line num="119" type="stmt" count="2"/>
        <line num="121" type="stmt" count="2"/>
        <line num="122" type="stmt" count="1"/>
        <line num="125" type="stmt" count="1"/>
        <line num="135" type="method" name="has" visibility="public" complexity="2" crap="3.19" count="1"/>
        <line num="138" type="stmt" count="1"/>
        <line num="139" type="stmt" count="0"/>
        <line num="142" type="stmt" count="0"/>
        <line num="154" type="method" name="getMetadata" visibility="public" complexity="3" crap="4.68" count="1"/>
        <line num="156" type="stmt" count="1"/>
        <line num="159" type="stmt" count="1"/>
        <line num="161" type="stmt" count="1"/>
        <line num="162" type="stmt" count="0"/>
        <line num="163" type="stmt" count="0"/>
        <line num="164" type="stmt" count="0"/>
        <line num="165" type="stmt" count="0"/>
        <line num="182" type="method" name="update" visibility="public" complexity="4" crap="4.20" count="1"/>
        <line num="184" type="stmt" count="1"/>
        <line num="187" type="stmt" count="1"/>
        <line num="188" type="stmt" count="1"/>
        <line num="189" type="stmt" count="1"/>
        <line num="190" type="stmt" count="1"/>
        <line num="191" type="stmt" count="1"/>
        <line num="192" type="stmt" count="1"/>
        <line num="195" type="stmt" count="0"/>
        <line num="196" type="stmt" count="0"/>
        <line num="199" type="stmt" count="1"/>
        <line num="201" type="stmt" count="1"/>
        <line num="202" type="stmt" count="0"/>
        <line num="205" type="stmt" count="1"/>
        <line num="218" type="method" name="rename" visibility="public" complexity="9" crap="9.24" count="5"/>
        <line num="220" type="stmt" count="5"/>
        <line num="221" type="stmt" count="5"/>
        <line num="223" type="stmt" count="5"/>
        <line num="224" type="stmt" count="5"/>
        <line num="225" type="stmt" count="5"/>
        <line num="228" type="stmt" count="5"/>
        <line num="231" type="stmt" count="3"/>
        <line num="232" type="stmt" count="2"/>
        <line num="234" type="stmt" count="1"/>
        <line num="236" type="stmt" count="1"/>
        <line num="238" type="stmt" count="1"/>
        <line num="239" type="stmt" count="1"/>
        <line num="241" type="stmt" count="1"/>
        <line num="243" type="stmt" count="0"/>
        <line num="244" type="stmt" count="0"/>
        <line num="246" type="stmt" count="0"/>
        <line num="253" type="stmt" count="1"/>
        <line num="255" type="stmt" count="2"/>
        <line num="256" type="stmt" count="1"/>
        <line num="257" type="stmt" count="1"/>
        <line num="258" type="stmt" count="1"/>
        <line num="271" type="method" name="delete" visibility="public" complexity="3" crap="12" count="0"/>
        <line num="273" type="stmt" count="0"/>
        <line num="276" type="stmt" count="0"/>
        <line num="277" type="stmt" count="0"/>
        <line num="279" type="stmt" count="0"/>
        <line num="280" type="stmt" count="0"/>
        <line num="281" type="stmt" count="0"/>
        <line num="282" type="stmt" count="0"/>
        <line num="283" type="stmt" count="0"/>
        <line num="296" type="method" name="deleteDir" visibility="public" complexity="3" crap="3" count="3"/>
        <line num="298" type="stmt" count="3"/>
        <line num="301" type="stmt" count="3"/>
        <line num="302" type="stmt" count="3"/>
        <line num="304" type="stmt" count="1"/>
        <line num="305" type="stmt" count="2"/>
        <line num="306" type="stmt" count="1"/>
        <line num="307" type="stmt" count="1"/>
        <line num="308" type="stmt" count="1"/>
        <line num="322" type="method" name="createDir" visibility="public" complexity="5" crap="5" count="5"/>
        <line num="324" type="stmt" count="5"/>
        <line num="325" type="stmt" count="5"/>
        <line num="327" type="stmt" count="5"/>
        <line num="330" type="stmt" count="5"/>
        <line num="331" type="stmt" count="5"/>
        <line num="332" type="stmt" count="3"/>
        <line num="333" type="stmt" count="1"/>
        <line num="334" type="stmt" count="2"/>
        <line num="335" type="stmt" count="1"/>
        <line num="336" type="stmt" count="1"/>
        <line num="337" type="stmt" count="1"/>
        <line num="340" type="stmt" count="2"/>
        <line num="350" type="method" name="read" visibility="public" complexity="4" crap="4" count="4"/>
        <line num="352" type="stmt" count="4"/>
        <line num="355" type="stmt" count="4"/>
        <line num="356" type="stmt" count="2"/>
        <line num="357" type="stmt" count="2"/>
        <line num="360" type="stmt" count="2"/>
        <line num="361" type="stmt" count="1"/>
        <line num="364" type="stmt" count="1"/>
        <line num="366" type="stmt" count="1"/>
        <line num="367" type="stmt" count="1"/>
        <line num="369" type="stmt" count="1"/>
        <line num="371" type="stmt" count="1"/>
        <line num="372" type="stmt" count="1"/>
        <line num="373" type="stmt" count="1"/>
        <line num="374" type="stmt" count="1"/>
        <line num="376" type="stmt" count="1"/>
        <line num="379" type="stmt" count="2"/>
        <line num="380" type="stmt" count="1"/>
        <line num="381" type="stmt" count="1"/>
        <line num="382" type="stmt" count="1"/>
        <line num="396" type="method" name="listContents" visibility="public" complexity="8" crap="72" count="0"/>
        <line num="398" type="stmt" count="0"/>
        <line num="401" type="stmt" count="0"/>
        <line num="402" type="stmt" count="0"/>
        <line num="403" type="stmt" count="0"/>
        <line num="405" type="stmt" count="0"/>
        <line num="406" type="stmt" count="0"/>
        <line num="407" type="stmt" count="0"/>
        <line num="408" type="stmt" count="0"/>
        <line num="409" type="stmt" count="0"/>
        <line num="411" type="stmt" count="0"/>
        <line num="412" type="stmt" count="0"/>
        <line num="416" type="stmt" count="0"/>
        <line num="417" type="stmt" count="0"/>
        <line num="418" type="stmt" count="0"/>
        <line num="419" type="stmt" count="0"/>
        <line num="422" type="stmt" count="0"/>
        <line num="432" type="method" name="getSize" visibility="public" complexity="1" crap="2" count="0"/>
        <line num="434" type="stmt" count="0"/>
        <line num="444" type="method" name="getMimetype" visibility="public" complexity="1" crap="2" count="0"/>
        <line num="446" type="stmt" count="0"/>
        <line num="456" type="method" name="getTimestamp" visibility="public" complexity="1" crap="2" count="0"/>
        <line num="458" type="stmt" count="0"/>
        <line num="469" type="method" name="updateMetadata" visibility="public" complexity="2" crap="2.15" count="1"/>
        <line num="471" type="stmt" count="1"/>
        <line num="474" type="stmt" count="1"/>
        <line num="475" type="stmt" count="1"/>
        <line num="476" type="stmt" count="0"/>
        <line num="477" type="stmt" count="0"/>
        <line num="479" type="stmt" count="1"/>
        <line num="484" type="method" name="getSession" visibility="public" complexity="1" crap="2" count="0"/>
        <line num="486" type="stmt" count="0"/>
        <line num="501" type="method" name="convertToLatin1" visibility="protected" complexity="1" crap="1" count="14"/>
        <line num="503" type="stmt" count="14"/>
        <line num="519" type="method" name="ensureDirectory" visibility="protected" complexity="4" crap="4.01" count="9"/>
        <line num="521" type="stmt" count="9"/>
        <line num="522" type="stmt" count="0"/>
        <line num="525" type="stmt" count="9"/>
        <line num="526" type="stmt" count="9"/>
        <line num="528" type="stmt" count="9"/>
        <line num="529" type="stmt" count="9"/>
        <line num="530" type="stmt" count="1"/>
        <line num="532" type="stmt" count="1"/>
        <line num="533" type="stmt" count="1"/>
        <line num="534" type="stmt" count="1"/>
        <line num="538" type="stmt" count="9"/>
        <line num="553" type="method" name="createFolder" visibility="protected" complexity="3" crap="3.01" count="5"/>
        <line num="555" type="stmt" count="5"/>
        <line num="556" type="stmt" count="5"/>
        <line num="557" type="stmt" count="0"/>
        <line num="560" type="stmt" count="5"/>
        <line num="562" type="stmt" count="5"/>
        <line num="563" type="stmt" count="5"/>
        <line num="566" type="stmt" count="5"/>
        <line num="567" type="stmt" count="5"/>
        <line num="568" type="stmt" count="5"/>
        <line num="571" type="stmt" count="2"/>
        <line num="580" type="method" name="move" visibility="protected" complexity="2" crap="2.09" count="1"/>
        <line num="582" type="stmt" count="1"/>
        <line num="583" type="stmt" count="0"/>
        <line num="584" type="stmt" count="0"/>
        <line num="586" type="stmt" count="1"/>
        <line num="588" type="stmt" count="1"/>
        <line num="589" type="stmt" count="1"/>
        <line num="590" type="stmt" count="1"/>
        <metrics loc="591" ncloc="376" classes="1" methods="20" coveredmethods="6" conditionals="0" coveredconditionals="0" statements="169" coveredstatements="123" elements="189" coveredelements="129"/>
      </file>
      <file name="/vagrant/src/flysystem-cmis/src/CommonsTrait.php">
        <class name="CommonsTrait" namespace="Tms\Cmis\Flysystem">
          <metrics complexity="9" methods="3" coveredmethods="0" conditionals="0" coveredconditionals="0" statements="20" coveredstatements="14" elements="23" coveredelements="14"/>
        </class>
        <line num="30" type="method" name="getObjectMetadata" visibility="protected" complexity="3" crap="3.03" count="1"/>
        <line num="32" type="stmt" count="1"/>
        <line num="33" type="stmt" count="1"/>
        <line num="35" type="stmt" count="1"/>
        <line num="36" type="stmt" count="1"/>
        <line num="37" type="stmt" count="1"/>
        <line num="39" type="stmt" count="1"/>
        <line num="41" type="stmt" count="0"/>
        <line num="42" type="method" name="anonymousFunction:42#178" complexity="1" crap="2" count="0"/>
        <line num="43" type="stmt" count="0"/>
        <line num="44" type="stmt" count="0"/>
        <line num="45" type="stmt" count="0"/>
        <line num="49" type="stmt" count="1"/>
        <line num="50" type="stmt" count="1"/>
        <line num="53" type="stmt" count="1"/>
        <line num="64" type="method" name="normalizeObject" visibility="protected" complexity="5" crap="5.51" count="1"/>
        <line num="66" type="stmt" count="1"/>
        <line num="68" type="stmt" count="1"/>
        <line num="69" type="stmt" count="0"/>
        <line num="72" type="stmt" count="1"/>
        <line num="73" type="stmt" count="1"/>
        <line num="74" type="stmt" count="0"/>
        <line num="75" type="stmt" count="1"/>
        <line num="76" type="stmt" count="1"/>
        <line num="78" type="stmt" count="0"/>
        <line num="81" type="stmt" count="1"/>
        <line num="83" type="stmt" count="1"/>
        <metrics loc="85" ncloc="62" classes="1" methods="3" coveredmethods="0" conditionals="0" coveredconditionals="0" statements="24" coveredstatements="17" elements="27" coveredelements="17"/>
      </file>
      <file name="/vagrant/src/flysystem-cmis/src/ListContentsPaginationPlugin.php">
        <class name="Tms\Cmis\Flysystem\ListContentsPaginationPlugin" namespace="Tms\Cmis\Flysystem">
          <metrics complexity="10" methods="3" coveredmethods="0" conditionals="0" coveredconditionals="0" statements="30" coveredstatements="0" elements="33" coveredelements="0"/>
        </class>
        <line num="25" type="method" name="getMethod" visibility="public" complexity="1" crap="2" count="0"/>
        <line num="26" type="stmt" count="0"/>
        <line num="27" type="stmt" count="0"/>
        <line num="28" type="stmt" count="0"/>
        <line num="35" type="method" name="setFilesystem" visibility="public" complexity="1" crap="2" count="0"/>
        <line num="36" type="stmt" count="0"/>
        <line num="37" type="stmt" count="0"/>
        <line num="38" type="stmt" count="0"/>
        <line num="39" type="stmt" count="0"/>
        <line num="41" type="method" name="handle" visibility="public" complexity="8" crap="72" count="0"/>
        <line num="42" type="stmt" count="0"/>
        <line num="43" type="stmt" count="0"/>
        <line num="45" type="stmt" count="0"/>
        <line num="46" type="stmt" count="0"/>
        <line num="47" type="stmt" count="0"/>
        <line num="48" type="stmt" count="0"/>
        <line num="50" type="stmt" count="0"/>
        <line num="51" type="stmt" count="0"/>
        <line num="52" type="stmt" count="0"/>
        <line num="53" type="stmt" count="0"/>
        <line num="54" type="stmt" count="0"/>
        <line num="56" type="stmt" count="0"/>
        <line num="57" type="stmt" count="0"/>
        <line num="58" type="stmt" count="0"/>
        <line num="59" type="stmt" count="0"/>
        <line num="60" type="stmt" count="0"/>
        <line num="61" type="stmt" count="0"/>
        <line num="62" type="stmt" count="0"/>
        <line num="63" type="stmt" count="0"/>
        <line num="64" type="stmt" count="0"/>
        <line num="65" type="stmt" count="0"/>
        <line num="67" type="stmt" count="0"/>
        <line num="68" type="stmt" count="0"/>
        <metrics loc="68" ncloc="58" classes="1" methods="3" coveredmethods="0" conditionals="0" coveredconditionals="0" statements="30" coveredstatements="0" elements="33" coveredelements="0"/>
      </file>
    </package>
    <metrics files="3" loc="744" ncloc="496" classes="3" methods="26" coveredmethods="6" conditionals="0" coveredconditionals="0" statements="223" coveredstatements="140" elements="249" coveredelements="146"/>
  </project>
</coverage>
