<?xml version="1.0" encoding="UTF-8"?>
<coverage generated="1511948590">
  <project timestamp="1511948590">
    <package name="Tms\Cmis\Flysystem">
      <file name="/vagrant/src/flysystem-cmis/src/CMISAdapter.php">
        <class name="CMISAdapter" namespace="Tms\Cmis\Flysystem">
          <metrics complexity="72" methods="22" coveredmethods="5" conditionals="0" coveredconditionals="0" statements="184" coveredstatements="131" elements="206" coveredelements="136"/>
        </class>
        <line num="84" type="method" name="__construct" visibility="public" complexity="2" crap="2" count="23"/>
        <line num="86" type="stmt" count="23"/>
        <line num="87" type="stmt" count="23"/>
        <line num="88" type="stmt" count="23"/>
        <line num="101" type="method" name="write" visibility="public" complexity="7" crap="7" count="4"/>
        <line num="103" type="stmt" count="4"/>
        <line num="104" type="stmt" count="4"/>
        <line num="106" type="stmt" count="4"/>
        <line num="107" type="stmt" count="4"/>
        <line num="110" type="stmt" count="4"/>
        <line num="112" type="stmt" count="4"/>
        <line num="113" type="stmt" count="4"/>
        <line num="114" type="stmt" count="4"/>
        <line num="117" type="stmt" count="4"/>
        <line num="118" type="stmt" count="0"/>
        <line num="119" type="stmt" count="4"/>
        <line num="120" type="stmt" count="4"/>
        <line num="122" type="stmt" count="2"/>
        <line num="123" type="stmt" count="1"/>
        <line num="124" type="stmt" count="1"/>
        <line num="125" type="stmt" count="1"/>
        <line num="128" type="stmt" count="2"/>
        <line num="130" type="stmt" count="2"/>
        <line num="131" type="stmt" count="1"/>
        <line num="134" type="stmt" count="1"/>
        <line num="144" type="method" name="has" visibility="public" complexity="2" crap="3.19" count="1"/>
        <line num="147" type="stmt" count="1"/>
        <line num="148" type="stmt" count="0"/>
        <line num="151" type="stmt" count="0"/>
        <line num="163" type="method" name="getMetadata" visibility="public" complexity="3" crap="4.68" count="1"/>
        <line num="165" type="stmt" count="1"/>
        <line num="168" type="stmt" count="1"/>
        <line num="170" type="stmt" count="1"/>
        <line num="171" type="stmt" count="0"/>
        <line num="172" type="stmt" count="0"/>
        <line num="173" type="stmt" count="0"/>
        <line num="174" type="stmt" count="0"/>
        <line num="191" type="method" name="update" visibility="public" complexity="4" crap="4.20" count="1"/>
        <line num="193" type="stmt" count="1"/>
        <line num="196" type="stmt" count="1"/>
        <line num="197" type="stmt" count="1"/>
        <line num="198" type="stmt" count="1"/>
        <line num="199" type="stmt" count="1"/>
        <line num="200" type="stmt" count="1"/>
        <line num="201" type="stmt" count="1"/>
        <line num="204" type="stmt" count="0"/>
        <line num="205" type="stmt" count="0"/>
        <line num="208" type="stmt" count="1"/>
        <line num="210" type="stmt" count="1"/>
        <line num="211" type="stmt" count="0"/>
        <line num="214" type="stmt" count="1"/>
        <line num="225" type="method" name="rename" visibility="public" complexity="9" crap="9.24" count="5"/>
        <line num="227" type="stmt" count="5"/>
        <line num="228" type="stmt" count="5"/>
        <line num="230" type="stmt" count="5"/>
        <line num="231" type="stmt" count="5"/>
        <line num="232" type="stmt" count="5"/>
        <line num="235" type="stmt" count="5"/>
        <line num="238" type="stmt" count="3"/>
        <line num="239" type="stmt" count="2"/>
        <line num="241" type="stmt" count="1"/>
        <line num="243" type="stmt" count="1"/>
        <line num="245" type="stmt" count="1"/>
        <line num="246" type="stmt" count="1"/>
        <line num="248" type="stmt" count="1"/>
        <line num="250" type="stmt" count="0"/>
        <line num="251" type="stmt" count="0"/>
        <line num="253" type="stmt" count="0"/>
        <line num="260" type="stmt" count="1"/>
        <line num="262" type="stmt" count="2"/>
        <line num="263" type="stmt" count="1"/>
        <line num="264" type="stmt" count="1"/>
        <line num="265" type="stmt" count="1"/>
        <line num="278" type="method" name="delete" visibility="public" complexity="3" crap="12" count="0"/>
        <line num="280" type="stmt" count="0"/>
        <line num="283" type="stmt" count="0"/>
        <line num="284" type="stmt" count="0"/>
        <line num="286" type="stmt" count="0"/>
        <line num="287" type="stmt" count="0"/>
        <line num="288" type="stmt" count="0"/>
        <line num="289" type="stmt" count="0"/>
        <line num="290" type="stmt" count="0"/>
        <line num="303" type="method" name="deleteDir" visibility="public" complexity="2" crap="2" count="3"/>
        <line num="305" type="stmt" count="3"/>
        <line num="308" type="stmt" count="3"/>
        <line num="309" type="stmt" count="3"/>
        <line num="311" type="stmt" count="1"/>
        <line num="312" type="stmt" count="2"/>
        <line num="313" type="stmt" count="2"/>
        <line num="327" type="method" name="createDir" visibility="public" complexity="4" crap="4" count="4"/>
        <line num="329" type="stmt" count="4"/>
        <line num="330" type="stmt" count="4"/>
        <line num="332" type="stmt" count="4"/>
        <line num="335" type="stmt" count="4"/>
        <line num="336" type="stmt" count="4"/>
        <line num="337" type="stmt" count="2"/>
        <line num="338" type="stmt" count="1"/>
        <line num="339" type="stmt" count="1"/>
        <line num="340" type="stmt" count="1"/>
        <line num="343" type="stmt" count="2"/>
        <line num="353" type="method" name="read" visibility="public" complexity="4" crap="4" count="4"/>
        <line num="355" type="stmt" count="4"/>
        <line num="358" type="stmt" count="4"/>
        <line num="359" type="stmt" count="2"/>
        <line num="360" type="stmt" count="2"/>
        <line num="363" type="stmt" count="2"/>
        <line num="364" type="stmt" count="1"/>
        <line num="367" type="stmt" count="1"/>
        <line num="369" type="stmt" count="1"/>
        <line num="370" type="stmt" count="1"/>
        <line num="372" type="stmt" count="1"/>
        <line num="374" type="stmt" count="1"/>
        <line num="375" type="stmt" count="1"/>
        <line num="376" type="stmt" count="1"/>
        <line num="377" type="stmt" count="1"/>
        <line num="379" type="stmt" count="1"/>
        <line num="382" type="stmt" count="2"/>
        <line num="383" type="stmt" count="1"/>
        <line num="384" type="stmt" count="1"/>
        <line num="385" type="stmt" count="1"/>
        <line num="399" type="method" name="listContents" visibility="public" complexity="8" crap="72" count="0"/>
        <line num="401" type="stmt" count="0"/>
        <line num="404" type="stmt" count="0"/>
        <line num="405" type="stmt" count="0"/>
        <line num="406" type="stmt" count="0"/>
        <line num="408" type="stmt" count="0"/>
        <line num="409" type="stmt" count="0"/>
        <line num="410" type="stmt" count="0"/>
        <line num="411" type="stmt" count="0"/>
        <line num="412" type="stmt" count="0"/>
        <line num="414" type="stmt" count="0"/>
        <line num="415" type="stmt" count="0"/>
        <line num="419" type="stmt" count="0"/>
        <line num="420" type="stmt" count="0"/>
        <line num="421" type="stmt" count="0"/>
        <line num="422" type="stmt" count="0"/>
        <line num="425" type="stmt" count="0"/>
        <line num="435" type="method" name="getSize" visibility="public" complexity="1" crap="2" count="0"/>
        <line num="437" type="stmt" count="0"/>
        <line num="447" type="method" name="getMimetype" visibility="public" complexity="1" crap="2" count="0"/>
        <line num="449" type="stmt" count="0"/>
        <line num="459" type="method" name="getTimestamp" visibility="public" complexity="1" crap="2" count="0"/>
        <line num="461" type="stmt" count="0"/>
        <line num="472" type="method" name="updateMetadata" visibility="public" complexity="2" crap="2.15" count="1"/>
        <line num="474" type="stmt" count="1"/>
        <line num="477" type="stmt" count="1"/>
        <line num="478" type="stmt" count="1"/>
        <line num="479" type="stmt" count="0"/>
        <line num="480" type="stmt" count="0"/>
        <line num="482" type="stmt" count="1"/>
        <line num="496" type="method" name="convertToLatin1" visibility="protected" complexity="1" crap="1" count="13"/>
        <line num="498" type="stmt" count="13"/>
        <line num="509" type="method" name="getObjectMetadata" visibility="protected" complexity="3" crap="3.03" count="1"/>
        <line num="511" type="stmt" count="1"/>
        <line num="512" type="stmt" count="1"/>
        <line num="514" type="stmt" count="1"/>
        <line num="515" type="stmt" count="1"/>
        <line num="516" type="stmt" count="1"/>
        <line num="518" type="stmt" count="1"/>
        <line num="520" type="stmt" count="0"/>
        <line num="521" type="method" name="anonymousFunction:521#2526" complexity="1" crap="2" count="0"/>
        <line num="522" type="stmt" count="0"/>
        <line num="523" type="stmt" count="0"/>
        <line num="524" type="stmt" count="0"/>
        <line num="528" type="stmt" count="1"/>
        <line num="529" type="stmt" count="1"/>
        <line num="532" type="stmt" count="1"/>
        <line num="543" type="method" name="normalizeObject" visibility="protected" complexity="5" crap="5.51" count="1"/>
        <line num="545" type="stmt" count="1"/>
        <line num="547" type="stmt" count="1"/>
        <line num="548" type="stmt" count="0"/>
        <line num="551" type="stmt" count="1"/>
        <line num="552" type="stmt" count="1"/>
        <line num="553" type="stmt" count="0"/>
        <line num="554" type="stmt" count="1"/>
        <line num="555" type="stmt" count="1"/>
        <line num="557" type="stmt" count="0"/>
        <line num="560" type="stmt" count="1"/>
        <line num="562" type="stmt" count="1"/>
        <line num="578" type="method" name="ensureDirectory" visibility="protected" complexity="4" crap="4.01" count="8"/>
        <line num="580" type="stmt" count="8"/>
        <line num="581" type="stmt" count="0"/>
        <line num="584" type="stmt" count="8"/>
        <line num="585" type="stmt" count="8"/>
        <line num="587" type="stmt" count="8"/>
        <line num="588" type="stmt" count="8"/>
        <line num="589" type="stmt" count="1"/>
        <line num="591" type="stmt" count="1"/>
        <line num="592" type="stmt" count="1"/>
        <line num="593" type="stmt" count="1"/>
        <line num="597" type="stmt" count="8"/>
        <line num="612" type="method" name="createFolder" visibility="protected" complexity="3" crap="3.07" count="4"/>
        <line num="614" type="stmt" count="4"/>
        <line num="615" type="stmt" count="4"/>
        <line num="616" type="stmt" count="0"/>
        <line num="619" type="stmt" count="4"/>
        <line num="621" type="stmt" count="4"/>
        <line num="622" type="stmt" count="4"/>
        <line num="625" type="stmt" count="4"/>
        <line num="626" type="stmt" count="0"/>
        <line num="627" type="stmt" count="4"/>
        <line num="630" type="stmt" count="2"/>
        <line num="639" type="method" name="move" visibility="protected" complexity="2" crap="2.09" count="1"/>
        <line num="641" type="stmt" count="1"/>
        <line num="642" type="stmt" count="0"/>
        <line num="643" type="stmt" count="0"/>
        <line num="645" type="stmt" count="1"/>
        <line num="647" type="stmt" count="1"/>
        <line num="648" type="stmt" count="1"/>
        <line num="649" type="stmt" count="1"/>
        <metrics loc="650" ncloc="417" classes="1" methods="22" coveredmethods="5" conditionals="0" coveredconditionals="0" statements="188" coveredstatements="134" elements="210" coveredelements="139"/>
      </file>
    </package>
    <metrics files="1" loc="650" ncloc="417" classes="1" methods="22" coveredmethods="5" conditionals="0" coveredconditionals="0" statements="188" coveredstatements="134" elements="210" coveredelements="139"/>
  </project>
</coverage>
